生成启动时间为 2016/6/3 16:24:04。
     1>项目“C:\Users\philo\Desktop\TCP_Anaysis\pcap_ana.vcxproj”在节点 2 上(build 个目标)。
     1>InitializeBuildStatus:
         正在创建“Release\pcap_ana.unsuccessfulbuild”，因为已指定“AlwaysCreate”。
       ClCompile:
         C:\Program Files (x86)\Microsoft Visual Studio 10.0\VC\bin\CL.exe /c /Zi /nologo /W3 /WX- /O2 /Oi /Oy- /GL /D _MBCS /Gm- /EHsc /MD /GS /Gy /fp:precise /Zc:wchar_t /Zc:forScope /Fo"Release\\" /Fd"Release\vc100.pdb" /Gd /TP /analyze- /errorReport:prompt pcap_analyse.cpp
         pcap_analyse.cpp
     1>pcap_analyse.cpp(71): warning C4996: 'fopen': This function or variable may be unsafe. Consider using fopen_s instead. To disable deprecation, use _CRT_SECURE_NO_WARNINGS. See online help for details.
                 C:\Program Files (x86)\Microsoft Visual Studio 10.0\VC\include\stdio.h(234) : 参见“fopen”的声明
     1>pcap_analyse.cpp(300): warning C4244: “=”: 从“double”转换到“_Int32”，可能丢失数据
     1>pcap_analyse.cpp(327): warning C4244: “=”: 从“double”转换到“_Int32”，可能丢失数据
       Link:
         C:\Program Files (x86)\Microsoft Visual Studio 10.0\VC\bin\link.exe /ERRORREPORT:PROMPT /OUT:"C:\Users\philo\Desktop\TCP_Anaysis\Release\pcap_ana.exe" /NOLOGO kernel32.lib user32.lib gdi32.lib winspool.lib comdlg32.lib advapi32.lib shell32.lib ole32.lib oleaut32.lib uuid.lib odbc32.lib odbccp32.lib /MANIFEST /ManifestFile:"Release\pcap_ana.exe.intermediate.manifest" /MANIFESTUAC:"level='asInvoker' uiAccess='false'" /DEBUG /PDB:"C:\Users\philo\Desktop\TCP_Anaysis\Release\pcap_ana.pdb" /OPT:REF /OPT:ICF /LTCG /TLBID:1 /DYNAMICBASE /NXCOMPAT /IMPLIB:"C:\Users\philo\Desktop\TCP_Anaysis\Release\pcap_ana.lib" /MACHINE:X86 Release\pcap_analyse.obj
         正在生成代码
         已完成代码的生成
         pcap_ana.vcxproj -> C:\Users\philo\Desktop\TCP_Anaysis\Release\pcap_ana.exe
       Manifest:
         C:\Program Files (x86)\Microsoft SDKs\Windows\v7.0A\bin\mt.exe /nologo /verbose /outputresource:"C:\Users\philo\Desktop\TCP_Anaysis\Release\pcap_ana.exe;#1" /manifest Release\pcap_ana.exe.intermediate.manifest
       FinalizeBuildStatus:
         正在删除文件“Release\pcap_ana.unsuccessfulbuild”。
         正在对“Release\pcap_ana.lastbuildstate”执行 Touch 任务。
     1>已完成生成项目“C:\Users\philo\Desktop\TCP_Anaysis\pcap_ana.vcxproj”(build 个目标)的操作。

生成成功。

已用时间 00:00:02.03
