生成启动时间为 2016/6/2 15:07:42。
     1>项目“C:\Users\philo\Desktop\TCP_Anaysis\pcap_ana.vcxproj”在节点 2 上(rebuild 个目标)。
     1>_PrepareForClean:
         正在删除文件“Debug\pcap_ana.lastbuildstate”。
       InitializeBuildStatus:
         正在创建“Debug\pcap_ana.unsuccessfulbuild”，因为已指定“AlwaysCreate”。
       ClCompile:
         C:\Program Files (x86)\Microsoft Visual Studio 10.0\VC\bin\CL.exe /c /ZI /nologo /W3 /WX- /Od /Oy- /D _MBCS /Gm /EHsc /RTC1 /MDd /GS /fp:precise /Zc:wchar_t /Zc:forScope /Fo"Debug\\" /Fd"Debug\vc100.pdb" /Gd /TP /analyze- /errorReport:prompt pcap_analyse.cpp
         pcap_analyse.cpp
     1>c:\users\philo\desktop\tcp_anaysis\pcap_analyse.cpp(66): warning C4996: 'fopen': This function or variable may be unsafe. Consider using fopen_s instead. To disable deprecation, use _CRT_SECURE_NO_WARNINGS. See online help for details.
                 c:\program files (x86)\microsoft visual studio 10.0\vc\include\stdio.h(234) : 参见“fopen”的声明
     1>c:\users\philo\desktop\tcp_anaysis\pcap_analyse.cpp(283): warning C4244: “=”: 从“double”转换到“_Int32”，可能丢失数据
     1>c:\users\philo\desktop\tcp_anaysis\pcap_analyse.cpp(300): warning C4244: “=”: 从“double”转换到“_Int32”，可能丢失数据
       Link:
         C:\Program Files (x86)\Microsoft Visual Studio 10.0\VC\bin\link.exe /ERRORREPORT:PROMPT /OUT:"C:\Users\philo\Desktop\TCP_Anaysis\Debug\pcap_ana.exe" /NOLOGO kernel32.lib user32.lib gdi32.lib winspool.lib comdlg32.lib advapi32.lib shell32.lib ole32.lib oleaut32.lib uuid.lib odbc32.lib odbccp32.lib /MANIFEST /ManifestFile:"Debug\pcap_ana.exe.intermediate.manifest" /MANIFESTUAC:"level='asInvoker' uiAccess='false'" /DEBUG /PDB:"C:\Users\philo\Desktop\TCP_Anaysis\Debug\pcap_ana.pdb" /TLBID:1 /DYNAMICBASE /NXCOMPAT /IMPLIB:"C:\Users\philo\Desktop\TCP_Anaysis\Debug\pcap_ana.lib" /MACHINE:X86 Debug\pcap_analyse.obj
         pcap_ana.vcxproj -> C:\Users\philo\Desktop\TCP_Anaysis\Debug\pcap_ana.exe
       Manifest:
         C:\Program Files (x86)\Microsoft SDKs\Windows\v7.0A\bin\mt.exe /nologo /verbose /outputresource:"C:\Users\philo\Desktop\TCP_Anaysis\Debug\pcap_ana.exe;#1" /manifest Debug\pcap_ana.exe.intermediate.manifest
       FinalizeBuildStatus:
         正在删除文件“Debug\pcap_ana.unsuccessfulbuild”。
         正在对“Debug\pcap_ana.lastbuildstate”执行 Touch 任务。
     1>已完成生成项目“C:\Users\philo\Desktop\TCP_Anaysis\pcap_ana.vcxproj”(rebuild 个目标)的操作。

生成成功。

已用时间 00:00:01.69
